????-??-?? ??:??:??,??? [localhost-startStop-1] INFO  c.j.w.servlets.JKWebContextListener - initialized 
????-??-?? ??:??:??,??? [localhost-startStop-1] INFO  j.e.r.webcontainer.jsf.config - Initializing Mojarra 2.2.20 ( 20190731-0757 59754ac80c05d61848a08939ddd11a324f2345ac) for context ''
????-??-?? ??:??:??,??? [localhost-startStop-1] INFO  j.e.r.webcontainer.jsf.config - Initializing Mojarra 2.2.20 ( 20190731-0757 59754ac80c05d61848a08939ddd11a324f2345ac) for context ''
????-??-?? ??:??:??,??? [localhost-startStop-1] INFO  j.e.r.webcontainer.jsf.application - JSF1048: PostConstruct/PreDestroy annotations present.  ManagedBeans methods marked with these annotations will have said annotations processed.
????-??-?? ??:??:??,??? [localhost-startStop-1] INFO  j.e.r.webcontainer.jsf.application - JSF1048: PostConstruct/PreDestroy annotations present.  ManagedBeans methods marked with these annotations will have said annotations processed.
????-??-?? ??:??:??,??? [localhost-startStop-1] INFO  c.j.w.f.e.JKFacesExceptionHandlerFactory - initialized 
????-??-?? ??:??:??,??? [localhost-startStop-1] INFO  c.j.w.faces.renderers.JKPreRenderer - initialized 
????-??-?? ??:??:??,??? [localhost-startStop-1] INFO  o.h.validator.internal.util.Version - HV000001: Hibernate Validator 6.0.13.Final
????-??-?? ??:??:??,??? [localhost-startStop-1] INFO  c.j.w.f.decorators.JKTagDecorator - Enable Tag Decoration is: false
????-??-?? ??:??:??,??? [localhost-startStop-1] INFO  com.jk.web.faces.mb.MB_Util - initialized 
????-??-?? ??:??:??,??? [localhost-startStop-1] INFO  com.jk.web.faces.mb.MB_Messages - initialized 
????-??-?? ??:??:??,??? [localhost-startStop-1] INFO  o.p.w.PostConstructApplicationEventListener - Running on PrimeFaces 8.0
????-??-?? ??:??:??,??? [localhost-startStop-1] INFO  o.p.w.PostConstructApplicationEventListener - Running on PrimeFaces 8.0
????-??-?? ??:??:??,??? [localhost-startStop-1] INFO  o.o.VersionLoggerEventListener - Using OmniFaces version 1.14.1
????-??-?? ??:??:??,??? [localhost-startStop-1] INFO  o.o.VersionLoggerEventListener - Using OmniFaces version 1.14.1
????-??-?? ??:??:??,??? [localhost-startStop-1] INFO  com.jk.web.filters.JKDefaultFilter - initialized 
????-??-?? ??:??:??,??? [localhost-startStop-1] INFO  c.j.w.f.SetCharacterEncodingFilter - initialized 
????-??-?? ??:??:??,??? [localhost-startStop-1] INFO  com.jk.web.filters.JKNoCacheFilter - @JKNoCacheFilter initialized...  
????-??-?? ??:??:??,??? [localhost-startStop-1] INFO  com.jk.web.services.JKServiceConfig - RestServer initialized to packages com.jk.web.services
????-??-?? ??:??:??,??? [localhost-startStop-1] INFO  com.jk.web.servlets.JKLogoutServlet - JKLogoutServlet Initilized 
